Wed Apr  5 14:29:36 2023       
+-----------------------------------------------------------------------------+
| NVIDIA-SMI 525.85.05    Driver Version: 525.85.05    CUDA Version: 12.0     |
|-------------------------------+----------------------+----------------------+
| GPU  Name        Persistence-M| Bus-Id        Disp.A | Volatile Uncorr. ECC |
| Fan  Temp  Perf  Pwr:Usage/Cap|         Memory-Usage | GPU-Util  Compute M. |
|                               |                      |               MIG M. |
|===============================+======================+======================|
|   0  Tesla T4            Off  | 00000000:00:06.0 Off |                    0 |
| N/A   36C    P8     9W /  70W |      2MiB / 15360MiB |      0%      Default |
|                               |                      |                  N/A |
+-------------------------------+----------------------+----------------------+
                                                                               
+-----------------------------------------------------------------------------+
| Processes:                                                                  |
|  GPU   GI   CI        PID   Type   Process name                  GPU Memory |
|        ID   ID                                                   Usage      |
|=============================================================================|
|  No running processes found                                                 |
+-----------------------------------------------------------------------------+
 14:29:36 up 8 days, 23:39,  3 users,  load average: 0.03, 0.08, 0.17
Using config: dmc_vision.”
echo Running task: dmc_walker_walk.”
╭───────────────────── Traceback (most recent call last) ──────────────────────╮
│ /vol/bitbucket/jk3417/explainable-mbhrl/embodied/agents/director/train.py:12 │
│ 4 in <module>                                                                │
│                                                                              │
│   121                                                                        │
│   122                                                                        │
│   123 if __name__ == '__main__':                                             │
│ ❱ 124   main()                                                               │
│   125                                                                        │
│                                                                              │
│ /vol/bitbucket/jk3417/explainable-mbhrl/embodied/agents/director/train.py:23 │
│ in main                                                                      │
│                                                                              │
│    20                                                                        │
│    21                                                                        │
│    22 def main(argv=None):                                                   │
│ ❱  23   from . import agent as agnt                                          │
│    24   from . import train_with_viz                                         │
│    25                                                                        │
│    26   parsed, other = embodied.Flags(                                      │
│                                                                              │
│ /vol/bitbucket/jk3417/explainable-mbhrl/embodied/agents/director/agent.py:7  │
│ in <module>                                                                  │
│                                                                              │
│     4 import ruamel.yaml as yaml                                             │
│     5 import tensorflow as tf                                                │
│     6 from tensorflow.keras import mixed_precision as prec                   │
│ ❱   7 from tensorflow_probability import distributions as tfd                │
│     8                                                                        │
│     9 from . import behaviors                                                │
│    10 from . import nets                                                     │
│                                                                              │
│ /vol/bitbucket/jk3417/xmbhrl/lib/python3.10/site-packages/tensorflow_probabi │
│ lity/__init__.py:20 in <module>                                              │
│                                                                              │
│   17 # Contributors to the `python/` dir should not alter this file; instead │
│   18 # `python/__init__.py` as necessary.                                    │
│   19                                                                         │
│ ❱ 20 from tensorflow_probability import substrates                           │
│   21 # from tensorflow_probability.google import staging  # DisableOnExport  │
│   22 # from tensorflow_probability.google import tfp_google  # DisableOnExpo │
│   23 from tensorflow_probability.python import *  # pylint: disable=wildcard │
│                                                                              │
│ /vol/bitbucket/jk3417/xmbhrl/lib/python3.10/site-packages/tensorflow_probabi │
│ lity/substrates/__init__.py:17 in <module>                                   │
│                                                                              │
│   14 # ===================================================================== │
│   15 """TensorFlow Probability alternative substrates."""                    │
│   16                                                                         │
│ ❱ 17 from tensorflow_probability.python.internal import all_util             │
│   18 from tensorflow_probability.python.internal import lazy_loader  # pylin │
│   19                                                                         │
│   20                                                                         │
│                                                                              │
│ /vol/bitbucket/jk3417/xmbhrl/lib/python3.10/site-packages/tensorflow_probabi │
│ lity/python/__init__.py:138 in <module>                                      │
│                                                                              │
│   135 if _tf_loaded():                                                       │
│   136   # Non-lazy load of packages that register with tensorflow or keras.  │
│   137   for pkg_name in _maybe_nonlazy_load:                                 │
│ ❱ 138 │   dir(globals()[pkg_name])  # Forces loading the package from its la │
│   139                                                                        │
│   140                                                                        │
│   141 all_util.remove_undocumented(__name__, _lazy_load + _maybe_nonlazy_loa │
│                                                                              │
│ /vol/bitbucket/jk3417/xmbhrl/lib/python3.10/site-packages/tensorflow_probabi │
│ lity/python/internal/lazy_loader.py:57 in __dir__                            │
│                                                                              │
│   54 │   return getattr(module, item)                                        │
│   55                                                                         │
│   56   def __dir__(self):                                                    │
│ ❱ 57 │   module = self._load()                                               │
│   58 │   return dir(module)                                                  │
│   59                                                                         │
│   60   def __reduce__(self):                                                 │
│                                                                              │
│ /vol/bitbucket/jk3417/xmbhrl/lib/python3.10/site-packages/tensorflow_probabi │
│ lity/python/internal/lazy_loader.py:37 in _load                              │
│                                                                              │
│   34   def _load(self):                                                      │
│   35 │   """Load the module and insert it into the parent's globals."""      │
│   36 │   if callable(self._on_first_access):                                 │
│ ❱ 37 │     self._on_first_access()                                           │
│   38 │     self._on_first_access = None                                      │
│   39 │   # Import the target module and insert it into the parent's namespac │
│   40 │   module = importlib.import_module(self.__name__)                     │
│                                                                              │
│ /vol/bitbucket/jk3417/xmbhrl/lib/python3.10/site-packages/tensorflow_probabi │
│ lity/python/__init__.py:59 in _validate_tf_environment                       │
│                                                                              │
│    56                                                                        │
│    57   if (distutils.version.LooseVersion(tf.__version__) <                 │
│    58 │     distutils.version.LooseVersion(required_tensorflow_version)):    │
│ ❱  59 │   raise ImportError(                                                 │
│    60 │   │   'This version of TensorFlow Probability requires TensorFlow '  │
│    61 │   │   'version >= {required}; Detected an installation of version {p │
│    62 │   │   'Please upgrade TensorFlow to proceed.'.format(                │
╰──────────────────────────────────────────────────────────────────────────────╯
ImportError: This version of TensorFlow Probability requires TensorFlow version 
>= 2.9; Detected an installation of version 2.8.2. Please upgrade TensorFlow to 
proceed.
srun: error: cloud-vm-40-226: task 0: Exited with exit code 1
